# JRE version: OpenJDK Runtime Environment (10.0.2+13) (build 10.0.2+13-Ubuntu-1ubuntu0.18.04.4)
# Java VM: OpenJDK 64-Bit Server VM (10.0.2+13-Ubuntu-1ubuntu0.18.04.4, mixed mode, tiered, compressed oops, g1 gc, linux-amd64)
Heap:
 garbage-first heap   total 187392K, used 99328K [0x0000000084c00000, 0x0000000100000000)
  region size 1024K, 13 young (13312K), 5 survivors (5120K)
 Metaspace       used 526573K, capacity 526717K, committed 527016K, reserved 1574912K
  class space    used 1118K, capacity 1175K, committed 1280K, reserved 1048576K
GC Heap History (10 events):
Event: 5.942 GC heap before
{Heap before GC invocations=14 (full 0):
 garbage-first heap   total 152576K, used 59321K [0x0000000084c00000, 0x0000000100000000)
  region size 1024K, 58 young (59392K), 3 survivors (3072K)
 Metaspace       used 526568K, capacity 526717K, committed 527016K, reserved 1574912K
  class space    used 1117K, capacity 1175K, committed 1280K, reserved 1048576K
}
Event: 5.961 GC heap after
{Heap after GC invocations=15 (full 0):
 garbage-first heap   total 152576K, used 19317K [0x0000000084c00000, 0x0000000100000000)
  region size 1024K, 8 young (8192K), 8 survivors (8192K)
 Metaspace       used 526568K, capacity 526717K, committed 527016K, reserved 1574912K
  class space    used 1117K, capacity 1175K, committed 1280K, reserved 1048576K
}
Event: 6.264 GC heap before
{Heap before GC invocations=15 (full 0):
 garbage-first heap   total 152576K, used 96117K [0x0000000084c00000, 0x0000000100000000)
  region size 1024K, 83 young (84992K), 8 survivors (8192K)
 Metaspace       used 526573K, capacity 526717K, committed 527016K, reserved 1574912K
  class space    used 1118K, capacity 1175K, committed 1280K, reserved 1048576K
}
Event: 6.295 GC heap after
{Heap after GC invocations=16 (full 0):
 garbage-first heap   total 152576K, used 45035K [0x0000000084c00000, 0x0000000100000000)
  region size 1024K, 11 young (11264K), 11 survivors (11264K)
 Metaspace       used 526573K, capacity 526717K, committed 527016K, reserved 1574912K
  class space    used 1118K, capacity 1175K, committed 1280K, reserved 1048576K
}
Event: 6.480 GC heap before
{Heap before GC invocations=16 (full 0):
 garbage-first heap   total 152576K, used 100331K [0x0000000084c00000, 0x0000000100000000)
  region size 1024K, 65 young (66560K), 11 survivors (11264K)
 Metaspace       used 526573K, capacity 526717K, committed 527016K, reserved 1574912K
  class space    used 1118K, capacity 1175K, committed 1280K, reserved 1048576K
}
Event: 6.494 GC heap after
{Heap after GC invocations=17 (full 0):
 garbage-first heap   total 152576K, used 64971K [0x0000000084c00000, 0x0000000100000000)
  region size 1024K, 9 young (9216K), 9 survivors (9216K)
 Metaspace       used 526573K, capacity 526717K, committed 527016K, reserved 1574912K
  class space    used 1118K, capacity 1175K, committed 1280K, reserved 1048576K
}
Event: 6.627 GC heap before
{Heap before GC invocations=17 (full 0):
 garbage-first heap   total 152576K, used 104907K [0x0000000084c00000, 0x0000000100000000)
  region size 1024K, 48 young (49152K), 9 survivors (9216K)
 Metaspace       used 526573K, capacity 526717K, committed 527016K, reserved 1574912K
  class space    used 1118K, capacity 1175K, committed 1280K, reserved 1048576K
}
Event: 6.638 GC heap after
{Heap after GC invocations=18 (full 0):
 garbage-first heap   total 152576K, used 79872K [0x0000000084c00000, 0x0000000100000000)
  region size 1024K, 6 young (6144K), 6 survivors (6144K)
 Metaspace       used 526573K, capacity 526717K, committed 527016K, reserved 1574912K
  class space    used 1118K, capacity 1175K, committed 1280K, reserved 1048576K
}
Event: 6.770 GC heap before
{Heap before GC invocations=18 (full 0):
 garbage-first heap   total 152576K, used 109568K [0x0000000084c00000, 0x0000000100000000)
  region size 1024K, 35 young (35840K), 6 survivors (6144K)
 Metaspace       used 526573K, capacity 526717K, committed 527016K, reserved 1574912K
  class space    used 1118K, capacity 1175K, committed 1280K, reserved 1048576K
}
Event: 6.778 GC heap after
{Heap after GC invocations=19 (full 0):
 garbage-first heap   total 187392K, used 92160K [0x0000000084c00000, 0x0000000100000000)
  region size 1024K, 5 young (5120K), 5 survivors (5120K)
 Metaspace       used 526573K, capacity 526717K, committed 527016K, reserved 1574912K
  class space    used 1118K, capacity 1175K, committed 1280K, reserved 1048576K
}

